have_header: checking for vm_core.h... -------------------- no

"/usr/bin/gcc -o conftest -I/Users/jim.sun/.rvm/rubies/ruby-1.9.3-p194/include/ruby-1.9.1/x86_64-darwin12.4.0 -I/Users/jim.sun/.rvm/rubies/ruby-1.9.3-p194/include/ruby-1.9.1/ruby/backward -I/Users/jim.sun/.rvm/rubies/ruby-1.9.3-p194/include/ruby-1.9.1 -I. -I/usr/local/opt/libyaml/include -D_XOPEN_SOURCE -D_DARWIN_C_SOURCE    -O3 -ggdb -Wextra -Wno-unused-parameter -Wno-parentheses -Wno-long-long -Wno-missing-field-initializers -Wpointer-arith -Wwrite-strings -Wdeclaration-after-statement -Wshorten-64-to-32 -Wimplicit-function-declaration -O3 -I/usr/local/opt/readline/include -I/usr/local/opt/libksba/include -I/usr/local/opt/openssl/include -fno-common -pipe conftest.c  -L. -L/Users/jim.sun/.rvm/rubies/ruby-1.9.3-p194/lib -L/usr/local/opt/libyaml/lib -L. -L/usr/local/opt/readline/lib -L/usr/local/opt/libksba/lib -L/usr/local/opt/openssl/lib     -lruby.1.9.1  -lpthread -ldl -lobjc "
checked program was:
/* begin */
1: #include "ruby.h"
2: 
3: int main() {return 0;}
/* end */

"/usr/bin/gcc -E -I/Users/jim.sun/.rvm/rubies/ruby-1.9.3-p194/include/ruby-1.9.1/x86_64-darwin12.4.0 -I/Users/jim.sun/.rvm/rubies/ruby-1.9.3-p194/include/ruby-1.9.1/ruby/backward -I/Users/jim.sun/.rvm/rubies/ruby-1.9.3-p194/include/ruby-1.9.1 -I. -I/usr/local/opt/libyaml/include -D_XOPEN_SOURCE -D_DARWIN_C_SOURCE    -O3 -ggdb -Wextra -Wno-unused-parameter -Wno-parentheses -Wno-long-long -Wno-missing-field-initializers -Wpointer-arith -Wwrite-strings -Wdeclaration-after-statement -Wshorten-64-to-32 -Wimplicit-function-declaration -O3 -I/usr/local/opt/readline/include -I/usr/local/opt/libksba/include -I/usr/local/opt/openssl/include -fno-common -pipe  conftest.c -o conftest.i"
conftest.c:3:21: error: vm_core.h: No such file or directory
checked program was:
/* begin */
1: #include "ruby.h"
2: 
3: #include <vm_core.h>
/* end */

--------------------

have_header: checking for vm_core.h... -------------------- no

"/usr/bin/gcc -E -I/Users/jim.sun/.rvm/rubies/ruby-1.9.3-p194/include/ruby-1.9.1/x86_64-darwin12.4.0 -I/Users/jim.sun/.rvm/rubies/ruby-1.9.3-p194/include/ruby-1.9.1/ruby/backward -I/Users/jim.sun/.rvm/rubies/ruby-1.9.3-p194/include/ruby-1.9.1 -I. -I/Users/jim.sun/.rvm/rubies/ruby-1.9.3-p194/include/ruby-1.9.1/ruby-1.9.3-p194  -O3 -ggdb -Wextra -Wno-unused-parameter -Wno-parentheses -Wno-long-long -Wno-missing-field-initializers -Wpointer-arith -Wwrite-strings -Wdeclaration-after-statement -Wshorten-64-to-32 -Wimplicit-function-declaration -O3 -I/usr/local/opt/readline/include -I/usr/local/opt/libksba/include -I/usr/local/opt/openssl/include -fno-common -pipe  conftest.c -o conftest.i"
conftest.c:3:21: error: vm_core.h: No such file or directory
checked program was:
/* begin */
1: #include "ruby.h"
2: 
3: #include <vm_core.h>
/* end */

--------------------

have_header: checking for vm_core.h... -------------------- yes

"/usr/bin/gcc -E -I/Users/jim.sun/.rvm/rubies/ruby-1.9.3-p194/include/ruby-1.9.1/x86_64-darwin12.4.0 -I/Users/jim.sun/.rvm/rubies/ruby-1.9.3-p194/include/ruby-1.9.1/ruby/backward -I/Users/jim.sun/.rvm/rubies/ruby-1.9.3-p194/include/ruby-1.9.1 -I. -I/Users/jim.sun/.rvm/rubies/ruby-1.9.3-p194/include/ruby-1.9.1/ruby-1.9.3-p194  -O3 -ggdb -Wextra -Wno-unused-parameter -Wno-parentheses -Wno-long-long -Wno-missing-field-initializers -Wpointer-arith -Wwrite-strings -Wdeclaration-after-statement -Wshorten-64-to-32 -Wimplicit-function-declaration -O3 -I/usr/local/opt/readline/include -I/usr/local/opt/libksba/include -I/usr/local/opt/openssl/include -fno-common -pipe  conftest.c -o conftest.i"
checked program was:
/* begin */
1: #include "ruby.h"
2: 
3: #include <vm_core.h>
/* end */

--------------------

have_header: checking for version.h... -------------------- yes

"/usr/bin/gcc -E -I/Users/jim.sun/.rvm/rubies/ruby-1.9.3-p194/include/ruby-1.9.1/x86_64-darwin12.4.0 -I/Users/jim.sun/.rvm/rubies/ruby-1.9.3-p194/include/ruby-1.9.1/ruby/backward -I/Users/jim.sun/.rvm/rubies/ruby-1.9.3-p194/include/ruby-1.9.1 -I. -I/Users/jim.sun/.rvm/rubies/ruby-1.9.3-p194/include/ruby-1.9.1/ruby-1.9.3-p194  -O3 -ggdb -Wextra -Wno-unused-parameter -Wno-parentheses -Wno-long-long -Wno-missing-field-initializers -Wpointer-arith -Wwrite-strings -Wdeclaration-after-statement -Wshorten-64-to-32 -Wimplicit-function-declaration -O3 -I/usr/local/opt/readline/include -I/usr/local/opt/libksba/include -I/usr/local/opt/openssl/include -fno-common -pipe  conftest.c -o conftest.i"
checked program was:
/* begin */
1: #include "ruby.h"
2: 
3: #include <version.h>
/* end */

--------------------

