have_struct_member: checking for rb_method_entry_t.called_id in method.h... -------------------- no

"/usr/bin/gcc -o conftest -I/Users/jim.sun/.rvm/rubies/ruby-1.9.3-p194/include/ruby-1.9.1/x86_64-darwin12.4.0 -I/Users/jim.sun/.rvm/rubies/ruby-1.9.3-p194/include/ruby-1.9.1/ruby/backward -I/Users/jim.sun/.rvm/rubies/ruby-1.9.3-p194/include/ruby-1.9.1 -I. -I/Users/jim.sun/.rvm/rubies/ruby-1.9.3-p194/include/ruby-1.9.1  -O3 -ggdb -Wextra -Wno-unused-parameter -Wno-parentheses -Wno-long-long -Wno-missing-field-initializers -Wpointer-arith -Wwrite-strings -Wdeclaration-after-statement -Wshorten-64-to-32 -Wimplicit-function-declaration -O3 -I/usr/local/opt/readline/include -I/usr/local/opt/libksba/include -I/usr/local/opt/openssl/include -fno-common -pipe conftest.c  -L. -L/Users/jim.sun/.rvm/rubies/ruby-1.9.3-p194/lib -L/usr/local/opt/libyaml/lib -L. -L/usr/local/opt/readline/lib -L/usr/local/opt/libksba/lib -L/usr/local/opt/openssl/lib     -lruby.1.9.1  -lpthread -ldl -lobjc "
checked program was:
/* begin */
1: #include "ruby.h"
2: 
3: int main() {return 0;}
/* end */

"/usr/bin/gcc -I/Users/jim.sun/.rvm/rubies/ruby-1.9.3-p194/include/ruby-1.9.1/x86_64-darwin12.4.0 -I/Users/jim.sun/.rvm/rubies/ruby-1.9.3-p194/include/ruby-1.9.1/ruby/backward -I/Users/jim.sun/.rvm/rubies/ruby-1.9.3-p194/include/ruby-1.9.1 -I. -I/Users/jim.sun/.rvm/rubies/ruby-1.9.3-p194/include/ruby-1.9.1  -O3 -ggdb -Wextra -Wno-unused-parameter -Wno-parentheses -Wno-long-long -Wno-missing-field-initializers -Wpointer-arith -Wwrite-strings -Wdeclaration-after-statement -Wshorten-64-to-32 -Wimplicit-function-declaration -O3 -I/usr/local/opt/readline/include -I/usr/local/opt/libksba/include -I/usr/local/opt/openssl/include -fno-common -pipe   -c conftest.c"
conftest.c:3:20: error: method.h: No such file or directory
conftest.c:7: error: ‘rb_method_entry_t’ undeclared here (not in a function)
conftest.c:7: error: expected expression before ‘)’ token
checked program was:
/* begin */
1: #include "ruby.h"
2: 
3: #include <method.h>
4: 
5: /*top*/
6: int main() {return 0;}
7: int s = (char *)&((rb_method_entry_t*)0)->called_id - (char *)0;
/* end */

--------------------

have_struct_member: checking for rb_control_frame_t.method_id in method.h... -------------------- no

"/usr/bin/gcc -I/Users/jim.sun/.rvm/rubies/ruby-1.9.3-p194/include/ruby-1.9.1/x86_64-darwin12.4.0 -I/Users/jim.sun/.rvm/rubies/ruby-1.9.3-p194/include/ruby-1.9.1/ruby/backward -I/Users/jim.sun/.rvm/rubies/ruby-1.9.3-p194/include/ruby-1.9.1 -I. -I/Users/jim.sun/.rvm/rubies/ruby-1.9.3-p194/include/ruby-1.9.1  -O3 -ggdb -Wextra -Wno-unused-parameter -Wno-parentheses -Wno-long-long -Wno-missing-field-initializers -Wpointer-arith -Wwrite-strings -Wdeclaration-after-statement -Wshorten-64-to-32 -Wimplicit-function-declaration -O3 -I/usr/local/opt/readline/include -I/usr/local/opt/libksba/include -I/usr/local/opt/openssl/include -fno-common -pipe   -c conftest.c"
conftest.c:3:20: error: method.h: No such file or directory
conftest.c:7: error: ‘rb_control_frame_t’ undeclared here (not in a function)
conftest.c:7: error: expected expression before ‘)’ token
checked program was:
/* begin */
1: #include "ruby.h"
2: 
3: #include <method.h>
4: 
5: /*top*/
6: int main() {return 0;}
7: int s = (char *)&((rb_control_frame_t*)0)->method_id - (char *)0;
/* end */

--------------------

block in <main>: checking for if rb_iseq_compile_with_option was added an argument filepath... -------------------- no

"/usr/bin/gcc -I/Users/jim.sun/.rvm/rubies/ruby-1.9.3-p194/include/ruby-1.9.1/x86_64-darwin12.4.0 -I/Users/jim.sun/.rvm/rubies/ruby-1.9.3-p194/include/ruby-1.9.1/ruby/backward -I/Users/jim.sun/.rvm/rubies/ruby-1.9.3-p194/include/ruby-1.9.1 -I. -I/Users/jim.sun/.rvm/rubies/ruby-1.9.3-p194/include/ruby-1.9.1  -O3 -ggdb -Wextra -Wno-unused-parameter -Wno-parentheses -Wno-long-long -Wno-missing-field-initializers -Wpointer-arith -Wwrite-strings -Wdeclaration-after-statement -Wshorten-64-to-32 -Wimplicit-function-declaration -O3 -I/usr/local/opt/readline/include -I/usr/local/opt/libksba/include -I/usr/local/opt/openssl/include -fno-common -pipe   -c conftest.c"
conftest.c:4:21: error: vm_core.h: No such file or directory
conftest.c:5: error: expected ‘)’ before ‘*’ token
checked program was:
/* begin */
1: #include "ruby.h"
2: 
3: #include <ruby.h>
4: #include "vm_core.h"
5: extern VALUE rb_iseq_new_main(NODE *node, VALUE filename, VALUE filepath);
/* end */

--------------------

have_struct_member: checking for rb_method_entry_t.called_id in method.h... -------------------- no

"/usr/bin/gcc -I/Users/jim.sun/.rvm/rubies/ruby-1.9.3-p194/include/ruby-1.9.1/x86_64-darwin12.4.0 -I/Users/jim.sun/.rvm/rubies/ruby-1.9.3-p194/include/ruby-1.9.1/ruby/backward -I/Users/jim.sun/.rvm/rubies/ruby-1.9.3-p194/include/ruby-1.9.1 -I. -I/usr/local/opt/libyaml/include -D_XOPEN_SOURCE -D_DARWIN_C_SOURCE    -O3 -ggdb -Wextra -Wno-unused-parameter -Wno-parentheses -Wno-long-long -Wno-missing-field-initializers -Wpointer-arith -Wwrite-strings -Wdeclaration-after-statement -Wshorten-64-to-32 -Wimplicit-function-declaration -O3 -I/usr/local/opt/readline/include -I/usr/local/opt/libksba/include -I/usr/local/opt/openssl/include -fno-common -pipe   -c conftest.c"
conftest.c:3:20: error: method.h: No such file or directory
conftest.c:7: error: ‘rb_method_entry_t’ undeclared here (not in a function)
conftest.c:7: error: expected expression before ‘)’ token
checked program was:
/* begin */
1: #include "ruby.h"
2: 
3: #include <method.h>
4: 
5: /*top*/
6: int main() {return 0;}
7: int s = (char *)&((rb_method_entry_t*)0)->called_id - (char *)0;
/* end */

--------------------

have_struct_member: checking for rb_control_frame_t.method_id in method.h... -------------------- no

"/usr/bin/gcc -I/Users/jim.sun/.rvm/rubies/ruby-1.9.3-p194/include/ruby-1.9.1/x86_64-darwin12.4.0 -I/Users/jim.sun/.rvm/rubies/ruby-1.9.3-p194/include/ruby-1.9.1/ruby/backward -I/Users/jim.sun/.rvm/rubies/ruby-1.9.3-p194/include/ruby-1.9.1 -I. -I/usr/local/opt/libyaml/include -D_XOPEN_SOURCE -D_DARWIN_C_SOURCE    -O3 -ggdb -Wextra -Wno-unused-parameter -Wno-parentheses -Wno-long-long -Wno-missing-field-initializers -Wpointer-arith -Wwrite-strings -Wdeclaration-after-statement -Wshorten-64-to-32 -Wimplicit-function-declaration -O3 -I/usr/local/opt/readline/include -I/usr/local/opt/libksba/include -I/usr/local/opt/openssl/include -fno-common -pipe   -c conftest.c"
conftest.c:3:20: error: method.h: No such file or directory
conftest.c:7: error: ‘rb_control_frame_t’ undeclared here (not in a function)
conftest.c:7: error: expected expression before ‘)’ token
checked program was:
/* begin */
1: #include "ruby.h"
2: 
3: #include <method.h>
4: 
5: /*top*/
6: int main() {return 0;}
7: int s = (char *)&((rb_control_frame_t*)0)->method_id - (char *)0;
/* end */

--------------------

block in <main>: checking for if rb_iseq_compile_with_option was added an argument filepath... -------------------- no

"/usr/bin/gcc -I/Users/jim.sun/.rvm/rubies/ruby-1.9.3-p194/include/ruby-1.9.1/x86_64-darwin12.4.0 -I/Users/jim.sun/.rvm/rubies/ruby-1.9.3-p194/include/ruby-1.9.1/ruby/backward -I/Users/jim.sun/.rvm/rubies/ruby-1.9.3-p194/include/ruby-1.9.1 -I. -I/usr/local/opt/libyaml/include -D_XOPEN_SOURCE -D_DARWIN_C_SOURCE    -O3 -ggdb -Wextra -Wno-unused-parameter -Wno-parentheses -Wno-long-long -Wno-missing-field-initializers -Wpointer-arith -Wwrite-strings -Wdeclaration-after-statement -Wshorten-64-to-32 -Wimplicit-function-declaration -O3 -I/usr/local/opt/readline/include -I/usr/local/opt/libksba/include -I/usr/local/opt/openssl/include -fno-common -pipe   -c conftest.c"
conftest.c:4:21: error: vm_core.h: No such file or directory
conftest.c:5: error: expected ‘)’ before ‘*’ token
checked program was:
/* begin */
1: #include "ruby.h"
2: 
3: #include <ruby.h>
4: #include "vm_core.h"
5: extern VALUE rb_iseq_new_main(NODE *node, VALUE filename, VALUE filepath);
/* end */

--------------------

have_struct_member: checking for rb_method_entry_t.called_id in method.h... -------------------- yes

"/usr/bin/gcc -I/Users/jim.sun/.rvm/rubies/ruby-1.9.3-p194/include/ruby-1.9.1/x86_64-darwin12.4.0 -I/Users/jim.sun/.rvm/rubies/ruby-1.9.3-p194/include/ruby-1.9.1/ruby/backward -I/Users/jim.sun/.rvm/rubies/ruby-1.9.3-p194/include/ruby-1.9.1 -I. -I/Users/jim.sun/.rvm/rubies/ruby-1.9.3-p194/include/ruby-1.9.1/ruby-1.9.3-p194  -O3 -ggdb -Wextra -Wno-unused-parameter -Wno-parentheses -Wno-long-long -Wno-missing-field-initializers -Wpointer-arith -Wwrite-strings -Wdeclaration-after-statement -Wshorten-64-to-32 -Wimplicit-function-declaration -O3 -I/usr/local/opt/readline/include -I/usr/local/opt/libksba/include -I/usr/local/opt/openssl/include -fno-common -pipe   -c conftest.c"
checked program was:
/* begin */
1: #include "ruby.h"
2: 
3: #include <method.h>
4: 
5: /*top*/
6: int main() {return 0;}
7: int s = (char *)&((rb_method_entry_t*)0)->called_id - (char *)0;
/* end */

--------------------

have_func: checking for rb_method_entry() in method.h... -------------------- no

"/usr/bin/gcc -o conftest -I/Users/jim.sun/.rvm/rubies/ruby-1.9.3-p194/include/ruby-1.9.1/x86_64-darwin12.4.0 -I/Users/jim.sun/.rvm/rubies/ruby-1.9.3-p194/include/ruby-1.9.1/ruby/backward -I/Users/jim.sun/.rvm/rubies/ruby-1.9.3-p194/include/ruby-1.9.1 -I. -I/Users/jim.sun/.rvm/rubies/ruby-1.9.3-p194/include/ruby-1.9.1/ruby-1.9.3-p194  -O3 -ggdb -Wextra -Wno-unused-parameter -Wno-parentheses -Wno-long-long -Wno-missing-field-initializers -Wpointer-arith -Wwrite-strings -Wdeclaration-after-statement -Wshorten-64-to-32 -Wimplicit-function-declaration -O3 -I/usr/local/opt/readline/include -I/usr/local/opt/libksba/include -I/usr/local/opt/openssl/include -fno-common -pipe conftest.c  -L. -L/Users/jim.sun/.rvm/rubies/ruby-1.9.3-p194/lib -L/usr/local/opt/libyaml/lib -L. -L/usr/local/opt/readline/lib -L/usr/local/opt/libksba/lib -L/usr/local/opt/openssl/lib     -lruby.1.9.1  -lpthread -ldl -lobjc "
Undefined symbols for architecture x86_64:
  "_rb_method_entry", referenced from:
      _t in ccjNKsL7.o
ld: symbol(s) not found for architecture x86_64
collect2: ld returned 1 exit status
checked program was:
/* begin */
1: #include "ruby.h"
2: 
3: #include <method.h>
4: 
5: /*top*/
6: int main() {return 0;}
7: int t() { void ((*volatile p)()); p = (void ((*)()))rb_method_entry; return 0; }
/* end */

"/usr/bin/gcc -o conftest -I/Users/jim.sun/.rvm/rubies/ruby-1.9.3-p194/include/ruby-1.9.1/x86_64-darwin12.4.0 -I/Users/jim.sun/.rvm/rubies/ruby-1.9.3-p194/include/ruby-1.9.1/ruby/backward -I/Users/jim.sun/.rvm/rubies/ruby-1.9.3-p194/include/ruby-1.9.1 -I. -I/Users/jim.sun/.rvm/rubies/ruby-1.9.3-p194/include/ruby-1.9.1/ruby-1.9.3-p194  -O3 -ggdb -Wextra -Wno-unused-parameter -Wno-parentheses -Wno-long-long -Wno-missing-field-initializers -Wpointer-arith -Wwrite-strings -Wdeclaration-after-statement -Wshorten-64-to-32 -Wimplicit-function-declaration -O3 -I/usr/local/opt/readline/include -I/usr/local/opt/libksba/include -I/usr/local/opt/openssl/include -fno-common -pipe conftest.c  -L. -L/Users/jim.sun/.rvm/rubies/ruby-1.9.3-p194/lib -L/usr/local/opt/libyaml/lib -L. -L/usr/local/opt/readline/lib -L/usr/local/opt/libksba/lib -L/usr/local/opt/openssl/lib     -lruby.1.9.1  -lpthread -ldl -lobjc "
conftest.c: In function ‘t’:
conftest.c:7: error: too few arguments to function ‘rb_method_entry’
checked program was:
/* begin */
1: #include "ruby.h"
2: 
3: #include <method.h>
4: 
5: /*top*/
6: int main() {return 0;}
7: int t() { rb_method_entry(); return 0; }
/* end */

--------------------

have_func: checking for rb_method_node() in node.h... -------------------- no

"/usr/bin/gcc -o conftest -I/Users/jim.sun/.rvm/rubies/ruby-1.9.3-p194/include/ruby-1.9.1/x86_64-darwin12.4.0 -I/Users/jim.sun/.rvm/rubies/ruby-1.9.3-p194/include/ruby-1.9.1/ruby/backward -I/Users/jim.sun/.rvm/rubies/ruby-1.9.3-p194/include/ruby-1.9.1 -I. -I/Users/jim.sun/.rvm/rubies/ruby-1.9.3-p194/include/ruby-1.9.1/ruby-1.9.3-p194  -O3 -ggdb -Wextra -Wno-unused-parameter -Wno-parentheses -Wno-long-long -Wno-missing-field-initializers -Wpointer-arith -Wwrite-strings -Wdeclaration-after-statement -Wshorten-64-to-32 -Wimplicit-function-declaration -O3 -I/usr/local/opt/readline/include -I/usr/local/opt/libksba/include -I/usr/local/opt/openssl/include -fno-common -pipe conftest.c  -L. -L/Users/jim.sun/.rvm/rubies/ruby-1.9.3-p194/lib -L/usr/local/opt/libyaml/lib -L. -L/usr/local/opt/readline/lib -L/usr/local/opt/libksba/lib -L/usr/local/opt/openssl/lib     -lruby.1.9.1  -lpthread -ldl -lobjc "
conftest.c: In function ‘t’:
conftest.c:7: error: ‘rb_method_node’ undeclared (first use in this function)
conftest.c:7: error: (Each undeclared identifier is reported only once
conftest.c:7: error: for each function it appears in.)
checked program was:
/* begin */
1: #include "ruby.h"
2: 
3: #include <node.h>
4: 
5: /*top*/
6: int main() {return 0;}
7: int t() { void ((*volatile p)()); p = (void ((*)()))rb_method_node; return 0; }
/* end */

"/usr/bin/gcc -o conftest -I/Users/jim.sun/.rvm/rubies/ruby-1.9.3-p194/include/ruby-1.9.1/x86_64-darwin12.4.0 -I/Users/jim.sun/.rvm/rubies/ruby-1.9.3-p194/include/ruby-1.9.1/ruby/backward -I/Users/jim.sun/.rvm/rubies/ruby-1.9.3-p194/include/ruby-1.9.1 -I. -I/Users/jim.sun/.rvm/rubies/ruby-1.9.3-p194/include/ruby-1.9.1/ruby-1.9.3-p194  -O3 -ggdb -Wextra -Wno-unused-parameter -Wno-parentheses -Wno-long-long -Wno-missing-field-initializers -Wpointer-arith -Wwrite-strings -Wdeclaration-after-statement -Wshorten-64-to-32 -Wimplicit-function-declaration -O3 -I/usr/local/opt/readline/include -I/usr/local/opt/libksba/include -I/usr/local/opt/openssl/include -fno-common -pipe conftest.c  -L. -L/Users/jim.sun/.rvm/rubies/ruby-1.9.3-p194/lib -L/usr/local/opt/libyaml/lib -L. -L/usr/local/opt/readline/lib -L/usr/local/opt/libksba/lib -L/usr/local/opt/openssl/lib     -lruby.1.9.1  -lpthread -ldl -lobjc "
conftest.c: In function ‘t’:
conftest.c:7: warning: implicit declaration of function ‘rb_method_node’
Undefined symbols for architecture x86_64:
  "_rb_method_node", referenced from:
      _t in ccKLBChV.o
ld: symbol(s) not found for architecture x86_64
collect2: ld returned 1 exit status
checked program was:
/* begin */
1: #include "ruby.h"
2: 
3: #include <node.h>
4: 
5: /*top*/
6: int main() {return 0;}
7: int t() { rb_method_node(); return 0; }
/* end */

--------------------

block in <main>: checking for if rb_iseq_compile_with_option was added an argument filepath... -------------------- yes

"/usr/bin/gcc -I/Users/jim.sun/.rvm/rubies/ruby-1.9.3-p194/include/ruby-1.9.1/x86_64-darwin12.4.0 -I/Users/jim.sun/.rvm/rubies/ruby-1.9.3-p194/include/ruby-1.9.1/ruby/backward -I/Users/jim.sun/.rvm/rubies/ruby-1.9.3-p194/include/ruby-1.9.1 -I. -I/Users/jim.sun/.rvm/rubies/ruby-1.9.3-p194/include/ruby-1.9.1/ruby-1.9.3-p194  -O3 -ggdb -Wextra -Wno-unused-parameter -Wno-parentheses -Wno-long-long -Wno-missing-field-initializers -Wpointer-arith -Wwrite-strings -Wdeclaration-after-statement -Wshorten-64-to-32 -Wimplicit-function-declaration -O3 -I/usr/local/opt/readline/include -I/usr/local/opt/libksba/include -I/usr/local/opt/openssl/include -fno-common -pipe   -c conftest.c"
checked program was:
/* begin */
1: #include "ruby.h"
2: 
3: #include <ruby.h>
4: #include "vm_core.h"
5: extern VALUE rb_iseq_new_main(NODE *node, VALUE filename, VALUE filepath);
/* end */

--------------------

